<?xml version="1.0" encoding="UTF-8"?>
<testng-results skipped="0" failed="0" ignored="0" total="1" passed="1">
  <reporter-output>
    <line>
      <![CDATA[Default test Test Start]]>
    </line>
    <line>
      <![CDATA[methtest Test Start]]>
    </line>
    <line>
      <![CDATA[Test]]>
    </line>
    <line>
      <![CDATA[methtest Test Finish]]>
    </line>
  </reporter-output>
  <suite name="Default suite" duration-ms="17584" started-at="2020-02-24T19:35:13 IST" finished-at="2020-02-24T19:35:31 IST">
    <groups>
    </groups>
    <test name="Default test" duration-ms="17584" started-at="2020-02-24T19:35:13 IST" finished-at="2020-02-24T19:35:31 IST">
      <class name="com.crm.TestMeths.LoginTestScripts">
        <test-method status="PASS" signature="openBrowser()[pri:0, instance:com.crm.TestMeths.LoginTestScripts@43814d18]" name="openBrowser" is-config="true" duration-ms="17503" started-at="2020-02-24T19:35:13 IST" finished-at="2020-02-24T19:35:31 IST">
          <reporter-output>
          </reporter-output>
        </test-method> <!-- openBrowser -->
        <test-method status="PASS" signature="methtest()[pri:0, instance:com.crm.TestMeths.LoginTestScripts@43814d18]" name="methtest" duration-ms="19" started-at="2020-02-24T19:35:31 IST" finished-at="2020-02-24T19:35:31 IST">
          <reporter-output>
            <line>
              <![CDATA[methtest Test Start]]>
            </line>
            <line>
              <![CDATA[Test]]>
            </line>
            <line>
              <![CDATA[methtest Test Finish]]>
            </line>
          </reporter-output>
        </test-method> <!-- methtest -->
      </class> <!-- com.crm.TestMeths.LoginTestScripts -->
    </test> <!-- Default test -->
  </suite> <!-- Default suite -->
</testng-results>
